2021-06-12 14:43:22,139 [INFO] Main.main(Main.java:8) – Test
2021-06-12 14:43:56,775 [INFO] Main.main(Main.java:8) – Test
2021-06-12 14:45:47,985 [DEBUG] Main.main(Main.java:11) – Test message
java.lang.RuntimeException: This is test error
	at Main.main(Main.java:9) [classes/:?]
2021-06-12 15:06:07,418 [DEBUG] Main.main(Main.java:17) – Test message
2021-06-12 15:06:40,383 [DEBUG] Main.main(Main.java:17) – Test message
2021-06-12 15:08:04,571 [DEBUG] Main.main(Main.java:17) – Test message
2021-06-12 15:15:18,586 [DEBUG] Main.main(Main.java:17) – Test messagebudget.domain.Transaction@4b2c5e02
java.lang.RuntimeException: This is test error
	at Main.main(Main.java:15) [classes/:?]
2021-06-12 15:17:01,027 [DEBUG] Main.main(Main.java:17) – Test message
Transaction{id=1, value=200, account=budget.domain.Account@5f0fd5a0, category=budget.domain.Category@64e7619d, date=Tue Feb 10 22:42:01 IRKT 1970, note='3 пачки молока'}
java.lang.RuntimeException: This is test error
	at Main.main(Main.java:15) [classes/:?]
2021-06-12 15:45:00,424 [INFO] Main.main(Main.java:17) – Test message
Transaction{id=1, value=200, account=Account{id=1, name='Test', balance=0}, category=Category{id=1, name='Food', isIncome=false}, date=Tue Feb 10 22:42:01 IRKT 1970, note='3 пачки молока'}
java.lang.RuntimeException: This is test error
	at Main.main(Main.java:15) [classes/:?]
2021-06-14 10:39:04,071 [ERROR] budget.ui.AddTransactionDialog$3.stringToValue(AddTransactionDialog.java:121) – Error during parse String . to Date
java.text.ParseException: Unparseable date: "."
	at java.text.DateFormat.parse(DateFormat.java:395) ~[?:?]
	at budget.ui.AddTransactionDialog$3.stringToValue(AddTransactionDialog.java:119) [classes/:?]
	at javax.swing.JFormattedTextField.commitEdit(JFormattedTextField.java:539) [?:?]
	at javax.swing.JFormattedTextField$FocusLostHandler.run(JFormattedTextField.java:657) [?:?]
	at javax.swing.JFormattedTextField.processFocusEvent(JFormattedTextField.java:639) [?:?]
	at java.awt.Component.processEvent(Component.java:6391) [?:?]
	at java.awt.Container.processEvent(Container.java:2263) [?:?]
	at java.awt.Component.dispatchEventImpl(Component.java:5011) [?:?]
	at java.awt.Container.dispatchEventImpl(Container.java:2321) [?:?]
	at java.awt.Component.dispatchEvent(Component.java:4843) [?:?]
	at java.awt.KeyboardFocusManager.redispatchEvent(KeyboardFocusManager.java:1950) [?:?]
	at java.awt.DefaultKeyboardFocusManager.typeAheadAssertions(DefaultKeyboardFocusManager.java:1059) [?:?]
	at java.awt.DefaultKeyboardFocusManager.dispatchEvent(DefaultKeyboardFocusManager.java:725) [?:?]
	at java.awt.Component.dispatchEventImpl(Component.java:4892) [?:?]
	at java.awt.Container.dispatchEventImpl(Container.java:2321) [?:?]
	at java.awt.Component.dispatchEvent(Component.java:4843) [?:?]
	at sun.awt.SunToolkit$1.run(SunToolkit.java:441) [?:?]
	at java.awt.event.InvocationEvent.dispatch(InvocationEvent.java:313) [?:?]
	at java.awt.EventQueue.dispatchEventImpl(EventQueue.java:770) [?:?]
	at java.awt.EventQueue$4.run(EventQueue.java:721) [?:?]
	at java.awt.EventQueue$4.run(EventQueue.java:715) [?:?]
	at java.security.AccessController.doPrivileged(Native Method) ~[?:?]
	at java.security.ProtectionDomain$JavaSecurityAccessImpl.doIntersectionPrivilege(ProtectionDomain.java:85) [?:?]
	at java.awt.EventQueue.dispatchEvent(EventQueue.java:740) [?:?]
	at java.awt.EventDispatchThread.pumpOneEventForFilters(EventDispatchThread.java:203) [?:?]
	at java.awt.EventDispatchThread.pumpEventsForFilter(EventDispatchThread.java:124) [?:?]
	at java.awt.EventDispatchThread.pumpEventsForHierarchy(EventDispatchThread.java:113) [?:?]
	at java.awt.EventDispatchThread.pumpEvents(EventDispatchThread.java:109) [?:?]
	at java.awt.EventDispatchThread.pumpEvents(EventDispatchThread.java:101) [?:?]
	at java.awt.EventDispatchThread.run(EventDispatchThread.java:90) [?:?]
